build-untitled-Android_for_armeabi_v7a_GCC_4_9_Qt_5_10_1_for_Android_armv7-Debug/android-build/build/outputs/logs/manifest-merger-debug-report.txt
-- Merging decision tree log ---
manifest
ADDED from build-untitled-Android_for_armeabi_v7a_GCC_4_9_Qt_5_10_1_for_Android_armv7-Debug\android-build\AndroidManifest.xml:2:1-85:12
	package
		ADDED from build-untitled-Android_for_armeabi_v7a_GCC_4_9_Qt_5_10_1_for_Android_armv7-Debug\android-build\AndroidManifest.xml:2:11-51
	android:versionName
		ADDED from build-untitled-Android_for_armeabi_v7a_GCC_4_9_Qt_5_10_1_for_Android_armv7-Debug\android-build\AndroidManifest.xml:2:111-136
		INJECTED from build-untitled-Android_for_armeabi_v7a_GCC_4_9_Qt_5_10_1_for_Android_armv7-Debug\android-build\AndroidManifest.xml
		INJECTED from build-untitled-Android_for_armeabi_v7a_GCC_4_9_Qt_5_10_1_for_Android_armv7-Debug\android-build\AndroidManifest.xml
	android:versionCode
		ADDED from build-untitled-Android_for_armeabi_v7a_GCC_4_9_Qt_5_10_1_for_Android_armv7-Debug\android-build\AndroidManifest.xml:2:137-160
		INJECTED from build-untitled-Android_for_armeabi_v7a_GCC_4_9_Qt_5_10_1_for_Android_armv7-Debug\android-build\AndroidManifest.xml
		INJECTED from build-untitled-Android_for_armeabi_v7a_GCC_4_9_Qt_5_10_1_for_Android_armv7-Debug\android-build\AndroidManifest.xml
	xmlns:android
		ADDED from build-untitled-Android_for_armeabi_v7a_GCC_4_9_Qt_5_10_1_for_Android_armv7-Debug\android-build\AndroidManifest.xml:2:52-110
	android:installLocation
		ADDED from build-untitled-Android_for_armeabi_v7a_GCC_4_9_Qt_5_10_1_for_Android_armv7-Debug\android-build\AndroidManifest.xml:2:161-191
application
ADDED from build-untitled-Android_for_armeabi_v7a_GCC_4_9_Qt_5_10_1_for_Android_armv7-Debug\android-build\AndroidManifest.xml:3:5-70:19
	android:label
		ADDED from build-untitled-Android_for_armeabi_v7a_GCC_4_9_Qt_5_10_1_for_Android_armv7-Debug\android-build\AndroidManifest.xml:3:117-141
	android:hardwareAccelerated
		ADDED from build-untitled-Android_for_armeabi_v7a_GCC_4_9_Qt_5_10_1_for_Android_armv7-Debug\android-build\AndroidManifest.xml:3:18-52
	android:name
		ADDED from build-untitled-Android_for_armeabi_v7a_GCC_4_9_Qt_5_10_1_for_Android_armv7-Debug\android-build\AndroidManifest.xml:3:53-116
activity#org.qtproject.qt5.android.bindings.QtActivity
ADDED from build-untitled-Android_for_armeabi_v7a_GCC_4_9_Qt_5_10_1_for_Android_armv7-Debug\android-build\AndroidManifest.xml:4:9-66:16
	android:screenOrientation
		ADDED from build-untitled-Android_for_armeabi_v7a_GCC_4_9_Qt_5_10_1_for_Android_armv7-Debug\android-build\AndroidManifest.xml:7:19-58
	android:label
		ADDED from build-untitled-Android_for_armeabi_v7a_GCC_4_9_Qt_5_10_1_for_Android_armv7-Debug\android-build\AndroidManifest.xml:6:19-43
	android:launchMode
		ADDED from build-untitled-Android_for_armeabi_v7a_GCC_4_9_Qt_5_10_1_for_Android_armv7-Debug\android-build\AndroidManifest.xml:8:19-49
	android:configChanges
		ADDED from build-untitled-Android_for_armeabi_v7a_GCC_4_9_Qt_5_10_1_for_Android_armv7-Debug\android-build\AndroidManifest.xml:4:19-172
	android:name
		ADDED from build-untitled-Android_for_armeabi_v7a_GCC_4_9_Qt_5_10_1_for_Android_armv7-Debug\android-build\AndroidManifest.xml:5:19-79
intent-filter#android.intent.action.MAIN+android.intent.category.LAUNCHER
ADDED from build-untitled-Android_for_armeabi_v7a_GCC_4_9_Qt_5_10_1_for_Android_armv7-Debug\android-build\AndroidManifest.xml:9:13-12:29
action#android.intent.action.MAIN
ADDED from build-untitled-Android_for_armeabi_v7a_GCC_4_9_Qt_5_10_1_for_Android_armv7-Debug\android-build\AndroidManifest.xml:10:17-68
	android:name
		ADDED from build-untitled-Android_for_armeabi_v7a_GCC_4_9_Qt_5_10_1_for_Android_armv7-Debug\android-build\AndroidManifest.xml:10:25-66
category#android.intent.category.LAUNCHER
ADDED from build-untitled-Android_for_armeabi_v7a_GCC_4_9_Qt_5_10_1_for_Android_armv7-Debug\android-build\AndroidManifest.xml:11:17-76
	android:name
		ADDED from build-untitled-Android_for_armeabi_v7a_GCC_4_9_Qt_5_10_1_for_Android_armv7-Debug\android-build\AndroidManifest.xml:11:27-74
meta-data#android.app.lib_name
ADDED from build-untitled-Android_for_armeabi_v7a_GCC_4_9_Qt_5_10_1_for_Android_armv7-Debug\android-build\AndroidManifest.xml:18:13-86
	android:value
		ADDED from build-untitled-Android_for_armeabi_v7a_GCC_4_9_Qt_5_10_1_for_Android_armv7-Debug\android-build\AndroidManifest.xml:18:60-84
	android:name
		ADDED from build-untitled-Android_for_armeabi_v7a_GCC_4_9_Qt_5_10_1_for_Android_armv7-Debug\android-build\AndroidManifest.xml:18:24-59
meta-data#android.app.qt_sources_resource_id
ADDED from build-untitled-Android_for_armeabi_v7a_GCC_4_9_Qt_5_10_1_for_Android_armv7-Debug\android-build\AndroidManifest.xml:19:13-112
	android:resource
		ADDED from build-untitled-Android_for_armeabi_v7a_GCC_4_9_Qt_5_10_1_for_Android_armv7-Debug\android-build\AndroidManifest.xml:19:74-110
	android:name
		ADDED from build-untitled-Android_for_armeabi_v7a_GCC_4_9_Qt_5_10_1_for_Android_armv7-Debug\android-build\AndroidManifest.xml:19:24-73
meta-data#android.app.repository
ADDED from build-untitled-Android_for_armeabi_v7a_GCC_4_9_Qt_5_10_1_for_Android_armv7-Debug\android-build\AndroidManifest.xml:20:13-87
	android:value
		ADDED from build-untitled-Android_for_armeabi_v7a_GCC_4_9_Qt_5_10_1_for_Android_armv7-Debug\android-build\AndroidManifest.xml:20:62-85
	android:name
		ADDED from build-untitled-Android_for_armeabi_v7a_GCC_4_9_Qt_5_10_1_for_Android_armv7-Debug\android-build\AndroidManifest.xml:20:24-61
meta-data#android.app.qt_libs_resource_id
ADDED from build-untitled-Android_for_armeabi_v7a_GCC_4_9_Qt_5_10_1_for_Android_armv7-Debug\android-build\AndroidManifest.xml:21:13-106
	android:resource
		ADDED from build-untitled-Android_for_armeabi_v7a_GCC_4_9_Qt_5_10_1_for_Android_armv7-Debug\android-build\AndroidManifest.xml:21:71-104
	android:name
		ADDED from build-untitled-Android_for_armeabi_v7a_GCC_4_9_Qt_5_10_1_for_Android_armv7-Debug\android-build\AndroidManifest.xml:21:24-70
meta-data#android.app.bundled_libs_resource_id
ADDED from build-untitled-Android_for_armeabi_v7a_GCC_4_9_Qt_5_10_1_for_Android_armv7-Debug\android-build\AndroidManifest.xml:22:13-116
	android:resource
		ADDED from build-untitled-Android_for_armeabi_v7a_GCC_4_9_Qt_5_10_1_for_Android_armv7-Debug\android-build\AndroidManifest.xml:22:76-114
	android:name
		ADDED from build-untitled-Android_for_armeabi_v7a_GCC_4_9_Qt_5_10_1_for_Android_armv7-Debug\android-build\AndroidManifest.xml:22:24-75
meta-data#android.app.bundle_local_qt_libs
ADDED from build-untitled-Android_for_armeabi_v7a_GCC_4_9_Qt_5_10_1_for_Android_armv7-Debug\android-build\AndroidManifest.xml:24:13-91
	android:value
		ADDED from build-untitled-Android_for_armeabi_v7a_GCC_4_9_Qt_5_10_1_for_Android_armv7-Debug\android-build\AndroidManifest.xml:24:72-89
	android:name
		ADDED from build-untitled-Android_for_armeabi_v7a_GCC_4_9_Qt_5_10_1_for_Android_armv7-Debug\android-build\AndroidManifest.xml:24:24-71
meta-data#android.app.bundled_in_lib_resource_id
ADDED from build-untitled-Android_for_armeabi_v7a_GCC_4_9_Qt_5_10_1_for_Android_armv7-Debug\android-build\AndroidManifest.xml:25:13-120
	android:resource
		ADDED from build-untitled-Android_for_armeabi_v7a_GCC_4_9_Qt_5_10_1_for_Android_armv7-Debug\android-build\AndroidManifest.xml:25:78-118
	android:name
		ADDED from build-untitled-Android_for_armeabi_v7a_GCC_4_9_Qt_5_10_1_for_Android_armv7-Debug\android-build\AndroidManifest.xml:25:24-77
meta-data#android.app.bundled_in_assets_resource_id
ADDED from build-untitled-Android_for_armeabi_v7a_GCC_4_9_Qt_5_10_1_for_Android_armv7-Debug\android-build\AndroidManifest.xml:26:13-126
	android:resource
		ADDED from build-untitled-Android_for_armeabi_v7a_GCC_4_9_Qt_5_10_1_for_Android_armv7-Debug\android-build\AndroidManifest.xml:26:81-124
	android:name
		ADDED from build-untitled-Android_for_armeabi_v7a_GCC_4_9_Qt_5_10_1_for_Android_armv7-Debug\android-build\AndroidManifest.xml:26:24-80
meta-data#android.app.use_local_qt_libs
ADDED from build-untitled-Android_for_armeabi_v7a_GCC_4_9_Qt_5_10_1_for_Android_armv7-Debug\android-build\AndroidManifest.xml:28:13-88
	android:value
		ADDED from build-untitled-Android_for_armeabi_v7a_GCC_4_9_Qt_5_10_1_for_Android_armv7-Debug\android-build\AndroidManifest.xml:28:69-86
	android:name
		ADDED from build-untitled-Android_for_armeabi_v7a_GCC_4_9_Qt_5_10_1_for_Android_armv7-Debug\android-build\AndroidManifest.xml:28:24-68
meta-data#android.app.libs_prefix
ADDED from build-untitled-Android_for_armeabi_v7a_GCC_4_9_Qt_5_10_1_for_Android_armv7-Debug\android-build\AndroidManifest.xml:29:13-100
	android:value
		ADDED from build-untitled-Android_for_armeabi_v7a_GCC_4_9_Qt_5_10_1_for_Android_armv7-Debug\android-build\AndroidManifest.xml:29:63-98
	android:name
		ADDED from build-untitled-Android_for_armeabi_v7a_GCC_4_9_Qt_5_10_1_for_Android_armv7-Debug\android-build\AndroidManifest.xml:29:24-62
meta-data#android.app.load_local_libs
ADDED from build-untitled-Android_for_armeabi_v7a_GCC_4_9_Qt_5_10_1_for_Android_armv7-Debug\android-build\AndroidManifest.xml:30:13-129
	android:value
		ADDED from build-untitled-Android_for_armeabi_v7a_GCC_4_9_Qt_5_10_1_for_Android_armv7-Debug\android-build\AndroidManifest.xml:30:67-127
	android:name
		ADDED from build-untitled-Android_for_armeabi_v7a_GCC_4_9_Qt_5_10_1_for_Android_armv7-Debug\android-build\AndroidManifest.xml:30:24-66
meta-data#android.app.load_local_jars
ADDED from build-untitled-Android_for_armeabi_v7a_GCC_4_9_Qt_5_10_1_for_Android_armv7-Debug\android-build\AndroidManifest.xml:31:13-128
	android:value
		ADDED from build-untitled-Android_for_armeabi_v7a_GCC_4_9_Qt_5_10_1_for_Android_armv7-Debug\android-build\AndroidManifest.xml:31:67-126
	android:name
		ADDED from build-untitled-Android_for_armeabi_v7a_GCC_4_9_Qt_5_10_1_for_Android_armv7-Debug\android-build\AndroidManifest.xml:31:24-66
meta-data#android.app.static_init_classes
ADDED from build-untitled-Android_for_armeabi_v7a_GCC_4_9_Qt_5_10_1_for_Android_armv7-Debug\android-build\AndroidManifest.xml:32:13-89
	android:value
		ADDED from build-untitled-Android_for_armeabi_v7a_GCC_4_9_Qt_5_10_1_for_Android_armv7-Debug\android-build\AndroidManifest.xml:32:71-87
	android:name
		ADDED from build-untitled-Android_for_armeabi_v7a_GCC_4_9_Qt_5_10_1_for_Android_armv7-Debug\android-build\AndroidManifest.xml:32:24-70
meta-data#android.app.ministro_not_found_msg
ADDED from build-untitled-Android_for_armeabi_v7a_GCC_4_9_Qt_5_10_1_for_Android_armv7-Debug\android-build\AndroidManifest.xml:36:13-122
	android:value
		ADDED from build-untitled-Android_for_armeabi_v7a_GCC_4_9_Qt_5_10_1_for_Android_armv7-Debug\android-build\AndroidManifest.xml:36:24-70
	android:name
		ADDED from build-untitled-Android_for_armeabi_v7a_GCC_4_9_Qt_5_10_1_for_Android_armv7-Debug\android-build\AndroidManifest.xml:36:71-120
meta-data#android.app.ministro_needed_msg
ADDED from build-untitled-Android_for_armeabi_v7a_GCC_4_9_Qt_5_10_1_for_Android_armv7-Debug\android-build\AndroidManifest.xml:37:13-116
	android:value
		ADDED from build-untitled-Android_for_armeabi_v7a_GCC_4_9_Qt_5_10_1_for_Android_armv7-Debug\android-build\AndroidManifest.xml:37:24-67
	android:name
		ADDED from build-untitled-Android_for_armeabi_v7a_GCC_4_9_Qt_5_10_1_for_Android_armv7-Debug\android-build\AndroidManifest.xml:37:68-114
meta-data#android.app.fatal_error_msg
ADDED from build-untitled-Android_for_armeabi_v7a_GCC_4_9_Qt_5_10_1_for_Android_armv7-Debug\android-build\AndroidManifest.xml:38:13-108
	android:value
		ADDED from build-untitled-Android_for_armeabi_v7a_GCC_4_9_Qt_5_10_1_for_Android_armv7-Debug\android-build\AndroidManifest.xml:38:24-63
	android:name
		ADDED from build-untitled-Android_for_armeabi_v7a_GCC_4_9_Qt_5_10_1_for_Android_armv7-Debug\android-build\AndroidManifest.xml:38:64-106
meta-data#android.app.background_running
ADDED from build-untitled-Android_for_armeabi_v7a_GCC_4_9_Qt_5_10_1_for_Android_armv7-Debug\android-build\AndroidManifest.xml:51:13-93
	android:value
		ADDED from build-untitled-Android_for_armeabi_v7a_GCC_4_9_Qt_5_10_1_for_Android_armv7-Debug\android-build\AndroidManifest.xml:51:70-91
	android:name
		ADDED from build-untitled-Android_for_armeabi_v7a_GCC_4_9_Qt_5_10_1_for_Android_armv7-Debug\android-build\AndroidManifest.xml:51:24-69
meta-data#android.app.auto_screen_scale_factor
ADDED from build-untitled-Android_for_armeabi_v7a_GCC_4_9_Qt_5_10_1_for_Android_armv7-Debug\android-build\AndroidManifest.xml:55:13-99
	android:value
		ADDED from build-untitled-Android_for_armeabi_v7a_GCC_4_9_Qt_5_10_1_for_Android_armv7-Debug\android-build\AndroidManifest.xml:55:76-97
	android:name
		ADDED from build-untitled-Android_for_armeabi_v7a_GCC_4_9_Qt_5_10_1_for_Android_armv7-Debug\android-build\AndroidManifest.xml:55:24-75
meta-data#android.app.extract_android_style
ADDED from build-untitled-Android_for_armeabi_v7a_GCC_4_9_Qt_5_10_1_for_Android_armv7-Debug\android-build\AndroidManifest.xml:64:13-95
	android:value
		ADDED from build-untitled-Android_for_armeabi_v7a_GCC_4_9_Qt_5_10_1_for_Android_armv7-Debug\android-build\AndroidManifest.xml:64:73-93
	android:name
		ADDED from build-untitled-Android_for_armeabi_v7a_GCC_4_9_Qt_5_10_1_for_Android_armv7-Debug\android-build\AndroidManifest.xml:64:24-72
uses-sdk
ADDED from build-untitled-Android_for_armeabi_v7a_GCC_4_9_Qt_5_10_1_for_Android_armv7-Debug\android-build\AndroidManifest.xml:72:5-73
	android:targetSdkVersion
		ADDED from build-untitled-Android_for_armeabi_v7a_GCC_4_9_Qt_5_10_1_for_Android_armv7-Debug\android-build\AndroidManifest.xml:72:42-71
	android:minSdkVersion
		ADDED from build-untitled-Android_for_armeabi_v7a_GCC_4_9_Qt_5_10_1_for_Android_armv7-Debug\android-build\AndroidManifest.xml:72:15-41
supports-screens
ADDED from build-untitled-Android_for_armeabi_v7a_GCC_4_9_Qt_5_10_1_for_Android_armv7-Debug\android-build\AndroidManifest.xml:73:5-135
	android:largeScreens
		ADDED from build-untitled-Android_for_armeabi_v7a_GCC_4_9_Qt_5_10_1_for_Android_armv7-Debug\android-build\AndroidManifest.xml:73:23-50
	android:smallScreens
		ADDED from build-untitled-Android_for_armeabi_v7a_GCC_4_9_Qt_5_10_1_for_Android_armv7-Debug\android-build\AndroidManifest.xml:73:106-133
	android:normalScreens
		ADDED from build-untitled-Android_for_armeabi_v7a_GCC_4_9_Qt_5_10_1_for_Android_armv7-Debug\android-build\AndroidManifest.xml:73:51-79
	android:anyDensity
		ADDED from build-untitled-Android_for_armeabi_v7a_GCC_4_9_Qt_5_10_1_for_Android_armv7-Debug\android-build\AndroidManifest.xml:73:80-105
uses-permission#android.permission.INTERNET
ADDED from build-untitled-Android_for_armeabi_v7a_GCC_4_9_Qt_5_10_1_for_Android_armv7-Debug\android-build\AndroidManifest.xml:77:9-71
	android:name
		ADDED from build-untitled-Android_for_armeabi_v7a_GCC_4_9_Qt_5_10_1_for_Android_armv7-Debug\android-build\AndroidManifest.xml:77:26-68
uses-permission#android.permission.WRITE_EXTERNAL_STORAGE
ADDED from build-untitled-Android_for_armeabi_v7a_GCC_4_9_Qt_5_10_1_for_Android_armv7-Debug\android-build\AndroidManifest.xml:78:5-81
	android:name
		ADDED from build-untitled-Android_for_armeabi_v7a_GCC_4_9_Qt_5_10_1_for_Android_armv7-Debug\android-build\AndroidManifest.xml:78:22-78